\BOOKMARK [0][-]{chapter*.2}{Summary}{}% 1
\BOOKMARK [0][-]{chapter.1}{Introduction}{}% 2
\BOOKMARK [1][-]{section.1.1}{Research objectives}{chapter.1}% 3
\BOOKMARK [1][-]{section.1.2}{Detection vs prediction}{chapter.1}% 4
\BOOKMARK [1][-]{section.1.3}{Outline}{chapter.1}% 5
\BOOKMARK [0][-]{chapter.2}{State of the Art}{}% 6
\BOOKMARK [1][-]{section.2.1}{Life event detectors on social media}{chapter.2}% 7
\BOOKMARK [2][-]{subsection.2.1.1}{A step further}{section.2.1}% 8
\BOOKMARK [1][-]{section.2.2}{Other interesting methods}{chapter.2}% 9
\BOOKMARK [1][-]{section.2.3}{The dataset problem}{chapter.2}% 10
\BOOKMARK [0][-]{chapter.3}{System design}{}% 11
\BOOKMARK [1][-]{section.3.1}{Requirements}{chapter.3}% 12
\BOOKMARK [1][-]{section.3.2}{Logical components}{chapter.3}% 13
\BOOKMARK [2][-]{subsection.3.2.1}{Collect activities}{section.3.2}% 14
\BOOKMARK [2][-]{subsection.3.2.2}{Entities extraction}{section.3.2}% 15
\BOOKMARK [2][-]{subsection.3.2.3}{Classifier}{section.3.2}% 16
\BOOKMARK [2][-]{subsection.3.2.4}{Computation performer}{section.3.2}% 17
\BOOKMARK [1][-]{section.3.3}{Interfaces of the components}{chapter.3}% 18
\BOOKMARK [1][-]{section.3.4}{The detection algorithm}{chapter.3}% 19
\BOOKMARK [0][-]{chapter.4}{Implementation and evaluation}{}% 20
\BOOKMARK [1][-]{section.4.1}{Component interactions and communications}{chapter.4}% 21
\BOOKMARK [1][-]{section.4.2}{Implementation choices}{chapter.4}% 22
\BOOKMARK [1][-]{section.4.3}{Feature extraction}{chapter.4}% 23
\BOOKMARK [1][-]{section.4.4}{Construction and performance of the classifier}{chapter.4}% 24
\BOOKMARK [0][-]{table.4.2}{Bibliography}{}% 25
